2024-02-11 14:53:15,607 [Worker-6: Loading available Gradle versions] INFO  o.e.b.c.i.u.g.PublishedGradleVersions - Gradle version information cache is not available. Remote download required.
2024-02-11 15:00:20,373 [Start Help Server] INFO  org.eclipse.jetty.server.Server - jetty-12.0.3; built: 2023-10-27T03:25:22.284Z; git: a873259fd5af141dedaa6c7fa8fe8fbdedce0d61; jvm 17.0.9+9
2024-02-11 15:00:20,437 [Start Help Server] INFO  o.e.j.server.handler.ContextHandler - Started oeje8n.ContextHandler$CoreContextHandler@330d77ba{/help,/help,b=null,a=AVAILABLE,h=oeje8n.ContextHandler$CoreContextHandler$CoreToNestedHandler@53e82923{STARTED}}
2024-02-11 15:00:20,438 [Start Help Server] INFO  o.e.j.s.DefaultSessionIdManager - Session workerName=node0
2024-02-11 15:00:20,473 [Start Help Server] INFO  o.e.jetty.server.AbstractConnector - Started ServerConnector@56a03e2d{HTTP/1.1, (http/1.1)}{127.0.0.1:51502}
2024-02-11 15:00:20,481 [Start Help Server] INFO  org.eclipse.jetty.server.Server - Started oejs.Server@1ed896a3{STARTING}[12.0.3,sto=0] @461258ms
2024-02-11 15:00:21,503 [qtp564128167-110] INFO  o.e.j.e.nested.ContextHandler._help - Warning: No org.apache.tomcat.JarScanner set in ServletContext. Falling back to default JarScanner implementation.
2024-02-11 15:00:21,997 [qtp564128167-110] INFO  o.e.j.e.nested.ContextHandler._help - Warning: No org.apache.tomcat.JarScanner set in ServletContext. Falling back to default JarScanner implementation.
2024-02-11 16:35:12,043 [Stop Help Server] INFO  org.eclipse.jetty.server.Server - Stopped oejs.Server@1ed896a3{STOPPING}[12.0.3,sto=0]
2024-02-11 16:35:12,058 [Stop Help Server] INFO  o.e.jetty.server.AbstractConnector - Stopped ServerConnector@56a03e2d{HTTP/1.1, (http/1.1)}{127.0.0.1:0}
2024-02-11 19:24:37,167 [Worker-2: Loading available Gradle versions] INFO  o.e.b.c.i.u.g.PublishedGradleVersions - Gradle version information cache is up-to-date. Trying to read.
2024-02-12 08:35:08,702 [Worker-1: Loading available Gradle versions] INFO  o.e.b.c.i.u.g.PublishedGradleVersions - Gradle version information cache is up-to-date. Trying to read.
2024-02-12 08:41:18,733 [Worker-2: Loading available Gradle versions] INFO  o.e.b.c.i.u.g.PublishedGradleVersions - Gradle version information cache is up-to-date. Trying to read.
2024-02-12 11:35:54,446 [Worker-4: Loading available Gradle versions] INFO  o.e.b.c.i.u.g.PublishedGradleVersions - Gradle version information cache is up-to-date. Trying to read.
2024-02-12 16:49:26,514 [Worker-8: Loading available Gradle versions] INFO  o.e.b.c.i.u.g.PublishedGradleVersions - Gradle version information cache is out-of-date. Trying to update.
2024-02-13 09:42:24,610 [Worker-4: Loading available Gradle versions] INFO  o.e.b.c.i.u.g.PublishedGradleVersions - Gradle version information cache is up-to-date. Trying to read.
2024-02-13 21:57:59,007 [Worker-2: Loading available Gradle versions] INFO  o.e.b.c.i.u.g.PublishedGradleVersions - Gradle version information cache is out-of-date. Trying to update.
2024-02-14 07:47:14,661 [Worker-1: Loading available Gradle versions] INFO  o.e.b.c.i.u.g.PublishedGradleVersions - Gradle version information cache is up-to-date. Trying to read.
2024-02-14 08:45:14,456 [ModalContext] INFO  o.e.m.c.i.e.AbstractTransferListenerAdapter - Downloading https://repo.maven.apache.org/maven2/am/ik/archetype/elm-spring-boot-blank-archetype/0.0.3/elm-spring-boot-blank-archetype-0.0.3.pom
2024-02-14 08:45:14,471 [ModalContext] INFO  o.e.m.c.i.e.AbstractTransferListenerAdapter - Downloaded https://repo.maven.apache.org/maven2/am/ik/archetype/elm-spring-boot-blank-archetype/0.0.3/elm-spring-boot-blank-archetype-0.0.3.pom
2024-02-14 08:45:14,533 [ModalContext] INFO  o.e.m.c.i.e.AbstractTransferListenerAdapter - Downloading https://repo.maven.apache.org/maven2/am/ik/archetype/elm-spring-boot-blank-archetype/0.0.3/elm-spring-boot-blank-archetype-0.0.3.jar
2024-02-14 08:45:14,543 [ModalContext] INFO  o.e.m.c.i.e.AbstractTransferListenerAdapter - Downloaded https://repo.maven.apache.org/maven2/am/ik/archetype/elm-spring-boot-blank-archetype/0.0.3/elm-spring-boot-blank-archetype-0.0.3.jar
2024-02-14 08:45:30,453 [Start Help Server] INFO  org.eclipse.jetty.server.Server - jetty-12.0.3; built: 2023-10-27T03:25:22.284Z; git: a873259fd5af141dedaa6c7fa8fe8fbdedce0d61; jvm 17.0.9+9
2024-02-14 08:45:30,513 [Start Help Server] INFO  o.e.j.server.handler.ContextHandler - Started oeje8n.ContextHandler$CoreContextHandler@6e782261{/help,/help,b=null,a=AVAILABLE,h=oeje8n.ContextHandler$CoreContextHandler$CoreToNestedHandler@60a8a3c8{STARTED}}
2024-02-14 08:45:30,514 [Start Help Server] INFO  o.e.j.s.DefaultSessionIdManager - Session workerName=node0
2024-02-14 08:45:30,544 [Start Help Server] INFO  o.e.jetty.server.AbstractConnector - Started ServerConnector@3022c683{HTTP/1.1, (http/1.1)}{127.0.0.1:50162}
2024-02-14 08:45:30,550 [Start Help Server] INFO  org.eclipse.jetty.server.Server - Started oejs.Server@3af7ea33{STARTING}[12.0.3,sto=0] @3519743ms
2024-02-14 08:46:26,354 [Worker-30: Launching mavenrun-6dc7b90d-14f6-41bb-91e4-2f2538e88f68] INFO  o.eclipse.m2e.core.internal.Bundles - getClasspathEntries(Bundle=org.eclipse.m2e.maven.runtime_3.9.500.20231113-2345 [629])
2024-02-14 08:46:26,356 [Worker-30: Launching mavenrun-6dc7b90d-14f6-41bb-91e4-2f2538e88f68] INFO  o.eclipse.m2e.core.internal.Bundles - 	Entry: C:\Users\vijay\Downloads\eclipse-jee-2023-12-R-win32-x86_64\eclipse\plugins\org.eclipse.m2e.maven.runtime_3.9.500.20231113-2345
2024-02-14 08:46:26,357 [Worker-30: Launching mavenrun-6dc7b90d-14f6-41bb-91e4-2f2538e88f68] INFO  o.eclipse.m2e.core.internal.Bundles - 	Entry: C:\Users\vijay\Downloads\eclipse-jee-2023-12-R-win32-x86_64\eclipse\plugins\org.eclipse.m2e.maven.runtime_3.9.500.20231113-2345\jars\aopalliance-1.0.jar
2024-02-14 08:46:26,357 [Worker-30: Launching mavenrun-6dc7b90d-14f6-41bb-91e4-2f2538e88f68] INFO  o.eclipse.m2e.core.internal.Bundles - 	Entry: C:\Users\vijay\Downloads\eclipse-jee-2023-12-R-win32-x86_64\eclipse\plugins\org.eclipse.m2e.maven.runtime_3.9.500.20231113-2345\jars\guice-5.1.0.jar
2024-02-14 08:46:26,357 [Worker-30: Launching mavenrun-6dc7b90d-14f6-41bb-91e4-2f2538e88f68] INFO  o.eclipse.m2e.core.internal.Bundles - 	Entry: C:\Users\vijay\Downloads\eclipse-jee-2023-12-R-win32-x86_64\eclipse\plugins\org.eclipse.m2e.maven.runtime_3.9.500.20231113-2345\jars\httpclient-4.5.14.jar
2024-02-14 08:46:26,357 [Worker-30: Launching mavenrun-6dc7b90d-14f6-41bb-91e4-2f2538e88f68] INFO  o.eclipse.m2e.core.internal.Bundles - 	Entry: C:\Users\vijay\Downloads\eclipse-jee-2023-12-R-win32-x86_64\eclipse\plugins\org.eclipse.m2e.maven.runtime_3.9.500.20231113-2345\jars\httpcore-4.4.16.jar
2024-02-14 08:46:26,358 [Worker-30: Launching mavenrun-6dc7b90d-14f6-41bb-91e4-2f2538e88f68] INFO  o.eclipse.m2e.core.internal.Bundles - 	Entry: C:\Users\vijay\Downloads\eclipse-jee-2023-12-R-win32-x86_64\eclipse\plugins\org.eclipse.m2e.maven.runtime_3.9.500.20231113-2345\jars\jansi-2.4.0.jar
2024-02-14 08:46:26,358 [Worker-30: Launching mavenrun-6dc7b90d-14f6-41bb-91e4-2f2538e88f68] INFO  o.eclipse.m2e.core.internal.Bundles - 	Entry: C:\Users\vijay\Downloads\eclipse-jee-2023-12-R-win32-x86_64\eclipse\plugins\org.eclipse.m2e.maven.runtime_3.9.500.20231113-2345\jars\jcl-over-slf4j-1.7.36.jar
2024-02-14 08:46:26,358 [Worker-30: Launching mavenrun-6dc7b90d-14f6-41bb-91e4-2f2538e88f68] INFO  o.eclipse.m2e.core.internal.Bundles - 	Entry: C:\Users\vijay\Downloads\eclipse-jee-2023-12-R-win32-x86_64\eclipse\plugins\org.eclipse.m2e.maven.runtime_3.9.500.20231113-2345\jars\maven-artifact-3.9.5.jar
2024-02-14 08:46:26,358 [Worker-30: Launching mavenrun-6dc7b90d-14f6-41bb-91e4-2f2538e88f68] INFO  o.eclipse.m2e.core.internal.Bundles - 	Entry: C:\Users\vijay\Downloads\eclipse-jee-2023-12-R-win32-x86_64\eclipse\plugins\org.eclipse.m2e.maven.runtime_3.9.500.20231113-2345\jars\maven-builder-support-3.9.5.jar
2024-02-14 08:46:26,359 [Worker-30: Launching mavenrun-6dc7b90d-14f6-41bb-91e4-2f2538e88f68] INFO  o.eclipse.m2e.core.internal.Bundles - 	Entry: C:\Users\vijay\Downloads\eclipse-jee-2023-12-R-win32-x86_64\eclipse\plugins\org.eclipse.m2e.maven.runtime_3.9.500.20231113-2345\jars\maven-compat-3.9.5.jar
2024-02-14 08:46:26,359 [Worker-30: Launching mavenrun-6dc7b90d-14f6-41bb-91e4-2f2538e88f68] INFO  o.eclipse.m2e.core.internal.Bundles - 	Entry: C:\Users\vijay\Downloads\eclipse-jee-2023-12-R-win32-x86_64\eclipse\plugins\org.eclipse.m2e.maven.runtime_3.9.500.20231113-2345\jars\maven-core-3.9.5.jar
2024-02-14 08:46:26,359 [Worker-30: Launching mavenrun-6dc7b90d-14f6-41bb-91e4-2f2538e88f68] INFO  o.eclipse.m2e.core.internal.Bundles - 	Entry: C:\Users\vijay\Downloads\eclipse-jee-2023-12-R-win32-x86_64\eclipse\plugins\org.eclipse.m2e.maven.runtime_3.9.500.20231113-2345\jars\maven-embedder-3.9.5.jar
2024-02-14 08:46:26,359 [Worker-30: Launching mavenrun-6dc7b90d-14f6-41bb-91e4-2f2538e88f68] INFO  o.eclipse.m2e.core.internal.Bundles - 	Entry: C:\Users\vijay\Downloads\eclipse-jee-2023-12-R-win32-x86_64\eclipse\plugins\org.eclipse.m2e.maven.runtime_3.9.500.20231113-2345\jars\maven-model-3.9.5.jar
2024-02-14 08:46:26,359 [Worker-30: Launching mavenrun-6dc7b90d-14f6-41bb-91e4-2f2538e88f68] INFO  o.eclipse.m2e.core.internal.Bundles - 	Entry: C:\Users\vijay\Downloads\eclipse-jee-2023-12-R-win32-x86_64\eclipse\plugins\org.eclipse.m2e.maven.runtime_3.9.500.20231113-2345\jars\maven-model-builder-3.9.5.jar
2024-02-14 08:46:26,360 [Worker-30: Launching mavenrun-6dc7b90d-14f6-41bb-91e4-2f2538e88f68] INFO  o.eclipse.m2e.core.internal.Bundles - 	Entry: C:\Users\vijay\Downloads\eclipse-jee-2023-12-R-win32-x86_64\eclipse\plugins\org.eclipse.m2e.maven.runtime_3.9.500.20231113-2345\jars\maven-plugin-api-3.9.5.jar
2024-02-14 08:46:26,360 [Worker-30: Launching mavenrun-6dc7b90d-14f6-41bb-91e4-2f2538e88f68] INFO  o.eclipse.m2e.core.internal.Bundles - 	Entry: C:\Users\vijay\Downloads\eclipse-jee-2023-12-R-win32-x86_64\eclipse\plugins\org.eclipse.m2e.maven.runtime_3.9.500.20231113-2345\jars\maven-repository-metadata-3.9.5.jar
2024-02-14 08:46:26,360 [Worker-30: Launching mavenrun-6dc7b90d-14f6-41bb-91e4-2f2538e88f68] INFO  o.eclipse.m2e.core.internal.Bundles - 	Entry: C:\Users\vijay\Downloads\eclipse-jee-2023-12-R-win32-x86_64\eclipse\plugins\org.eclipse.m2e.maven.runtime_3.9.500.20231113-2345\jars\maven-resolver-api-1.9.16.jar
2024-02-14 08:46:26,360 [Worker-30: Launching mavenrun-6dc7b90d-14f6-41bb-91e4-2f2538e88f68] INFO  o.eclipse.m2e.core.internal.Bundles - 	Entry: C:\Users\vijay\Downloads\eclipse-jee-2023-12-R-win32-x86_64\eclipse\plugins\org.eclipse.m2e.maven.runtime_3.9.500.20231113-2345\jars\maven-resolver-connector-basic-1.9.16.jar
2024-02-14 08:46:26,361 [Worker-30: Launching mavenrun-6dc7b90d-14f6-41bb-91e4-2f2538e88f68] INFO  o.eclipse.m2e.core.internal.Bundles - 	Entry: C:\Users\vijay\Downloads\eclipse-jee-2023-12-R-win32-x86_64\eclipse\plugins\org.eclipse.m2e.maven.runtime_3.9.500.20231113-2345\jars\maven-resolver-impl-1.9.16.jar
2024-02-14 08:46:26,361 [Worker-30: Launching mavenrun-6dc7b90d-14f6-41bb-91e4-2f2538e88f68] INFO  o.eclipse.m2e.core.internal.Bundles - 	Entry: C:\Users\vijay\Downloads\eclipse-jee-2023-12-R-win32-x86_64\eclipse\plugins\org.eclipse.m2e.maven.runtime_3.9.500.20231113-2345\jars\maven-resolver-named-locks-1.9.16.jar
2024-02-14 08:46:26,361 [Worker-30: Launching mavenrun-6dc7b90d-14f6-41bb-91e4-2f2538e88f68] INFO  o.eclipse.m2e.core.internal.Bundles - 	Entry: C:\Users\vijay\Downloads\eclipse-jee-2023-12-R-win32-x86_64\eclipse\plugins\org.eclipse.m2e.maven.runtime_3.9.500.20231113-2345\jars\maven-resolver-provider-3.9.5.jar
2024-02-14 08:46:26,361 [Worker-30: Launching mavenrun-6dc7b90d-14f6-41bb-91e4-2f2538e88f68] INFO  o.eclipse.m2e.core.internal.Bundles - 	Entry: C:\Users\vijay\Downloads\eclipse-jee-2023-12-R-win32-x86_64\eclipse\plugins\org.eclipse.m2e.maven.runtime_3.9.500.20231113-2345\jars\maven-resolver-spi-1.9.16.jar
2024-02-14 08:46:26,362 [Worker-30: Launching mavenrun-6dc7b90d-14f6-41bb-91e4-2f2538e88f68] INFO  o.eclipse.m2e.core.internal.Bundles - 	Entry: C:\Users\vijay\Downloads\eclipse-jee-2023-12-R-win32-x86_64\eclipse\plugins\org.eclipse.m2e.maven.runtime_3.9.500.20231113-2345\jars\maven-resolver-transport-file-1.9.16.jar
2024-02-14 08:46:26,362 [Worker-30: Launching mavenrun-6dc7b90d-14f6-41bb-91e4-2f2538e88f68] INFO  o.eclipse.m2e.core.internal.Bundles - 	Entry: C:\Users\vijay\Downloads\eclipse-jee-2023-12-R-win32-x86_64\eclipse\plugins\org.eclipse.m2e.maven.runtime_3.9.500.20231113-2345\jars\maven-resolver-transport-http-1.9.16.jar
2024-02-14 08:46:26,362 [Worker-30: Launching mavenrun-6dc7b90d-14f6-41bb-91e4-2f2538e88f68] INFO  o.eclipse.m2e.core.internal.Bundles - 	Entry: C:\Users\vijay\Downloads\eclipse-jee-2023-12-R-win32-x86_64\eclipse\plugins\org.eclipse.m2e.maven.runtime_3.9.500.20231113-2345\jars\maven-resolver-transport-wagon-1.9.16.jar
2024-02-14 08:46:26,363 [Worker-30: Launching mavenrun-6dc7b90d-14f6-41bb-91e4-2f2538e88f68] INFO  o.eclipse.m2e.core.internal.Bundles - 	Entry: C:\Users\vijay\Downloads\eclipse-jee-2023-12-R-win32-x86_64\eclipse\plugins\org.eclipse.m2e.maven.runtime_3.9.500.20231113-2345\jars\maven-resolver-util-1.9.16.jar
2024-02-14 08:46:26,363 [Worker-30: Launching mavenrun-6dc7b90d-14f6-41bb-91e4-2f2538e88f68] INFO  o.eclipse.m2e.core.internal.Bundles - 	Entry: C:\Users\vijay\Downloads\eclipse-jee-2023-12-R-win32-x86_64\eclipse\plugins\org.eclipse.m2e.maven.runtime_3.9.500.20231113-2345\jars\maven-settings-3.9.5.jar
2024-02-14 08:46:26,363 [Worker-30: Launching mavenrun-6dc7b90d-14f6-41bb-91e4-2f2538e88f68] INFO  o.eclipse.m2e.core.internal.Bundles - 	Entry: C:\Users\vijay\Downloads\eclipse-jee-2023-12-R-win32-x86_64\eclipse\plugins\org.eclipse.m2e.maven.runtime_3.9.500.20231113-2345\jars\maven-settings-builder-3.9.5.jar
2024-02-14 08:46:26,363 [Worker-30: Launching mavenrun-6dc7b90d-14f6-41bb-91e4-2f2538e88f68] INFO  o.eclipse.m2e.core.internal.Bundles - 	Entry: C:\Users\vijay\Downloads\eclipse-jee-2023-12-R-win32-x86_64\eclipse\plugins\org.eclipse.m2e.maven.runtime_3.9.500.20231113-2345\jars\maven-shared-utils-3.3.4.jar
2024-02-14 08:46:26,364 [Worker-30: Launching mavenrun-6dc7b90d-14f6-41bb-91e4-2f2538e88f68] INFO  o.eclipse.m2e.core.internal.Bundles - 	Entry: C:\Users\vijay\Downloads\eclipse-jee-2023-12-R-win32-x86_64\eclipse\plugins\org.eclipse.m2e.maven.runtime_3.9.500.20231113-2345\jars\org.eclipse.sisu.inject-0.3.5.jar
2024-02-14 08:46:26,364 [Worker-30: Launching mavenrun-6dc7b90d-14f6-41bb-91e4-2f2538e88f68] INFO  o.eclipse.m2e.core.internal.Bundles - 	Entry: C:\Users\vijay\Downloads\eclipse-jee-2023-12-R-win32-x86_64\eclipse\plugins\org.eclipse.m2e.maven.runtime_3.9.500.20231113-2345\jars\org.eclipse.sisu.plexus-0.3.5.jar
2024-02-14 08:46:26,364 [Worker-30: Launching mavenrun-6dc7b90d-14f6-41bb-91e4-2f2538e88f68] INFO  o.eclipse.m2e.core.internal.Bundles - 	Entry: C:\Users\vijay\Downloads\eclipse-jee-2023-12-R-win32-x86_64\eclipse\plugins\org.eclipse.m2e.maven.runtime_3.9.500.20231113-2345\jars\plexus-build-api-0.0.7.jar
2024-02-14 08:46:26,364 [Worker-30: Launching mavenrun-6dc7b90d-14f6-41bb-91e4-2f2538e88f68] INFO  o.eclipse.m2e.core.internal.Bundles - 	Entry: C:\Users\vijay\Downloads\eclipse-jee-2023-12-R-win32-x86_64\eclipse\plugins\org.eclipse.m2e.maven.runtime_3.9.500.20231113-2345\jars\plexus-cipher-2.0.jar
2024-02-14 08:46:26,365 [Worker-30: Launching mavenrun-6dc7b90d-14f6-41bb-91e4-2f2538e88f68] INFO  o.eclipse.m2e.core.internal.Bundles - 	Entry: C:\Users\vijay\Downloads\eclipse-jee-2023-12-R-win32-x86_64\eclipse\plugins\org.eclipse.m2e.maven.runtime_3.9.500.20231113-2345\jars\plexus-classworlds-2.7.0.jar
2024-02-14 08:46:26,365 [Worker-30: Launching mavenrun-6dc7b90d-14f6-41bb-91e4-2f2538e88f68] INFO  o.eclipse.m2e.core.internal.Bundles - 	Entry: C:\Users\vijay\Downloads\eclipse-jee-2023-12-R-win32-x86_64\eclipse\plugins\org.eclipse.m2e.maven.runtime_3.9.500.20231113-2345\jars\plexus-component-annotations-2.1.0.jar
2024-02-14 08:46:26,365 [Worker-30: Launching mavenrun-6dc7b90d-14f6-41bb-91e4-2f2538e88f68] INFO  o.eclipse.m2e.core.internal.Bundles - 	Entry: C:\Users\vijay\Downloads\eclipse-jee-2023-12-R-win32-x86_64\eclipse\plugins\org.eclipse.m2e.maven.runtime_3.9.500.20231113-2345\jars\plexus-interpolation-1.26.jar
2024-02-14 08:46:26,365 [Worker-30: Launching mavenrun-6dc7b90d-14f6-41bb-91e4-2f2538e88f68] INFO  o.eclipse.m2e.core.internal.Bundles - 	Entry: C:\Users\vijay\Downloads\eclipse-jee-2023-12-R-win32-x86_64\eclipse\plugins\org.eclipse.m2e.maven.runtime_3.9.500.20231113-2345\jars\plexus-sec-dispatcher-2.0.jar
2024-02-14 08:46:26,366 [Worker-30: Launching mavenrun-6dc7b90d-14f6-41bb-91e4-2f2538e88f68] INFO  o.eclipse.m2e.core.internal.Bundles - 	Entry: C:\Users\vijay\Downloads\eclipse-jee-2023-12-R-win32-x86_64\eclipse\plugins\org.eclipse.m2e.maven.runtime_3.9.500.20231113-2345\jars\plexus-utils-3.5.1.jar
2024-02-14 08:46:26,366 [Worker-30: Launching mavenrun-6dc7b90d-14f6-41bb-91e4-2f2538e88f68] INFO  o.eclipse.m2e.core.internal.Bundles - 	Entry: C:\Users\vijay\Downloads\eclipse-jee-2023-12-R-win32-x86_64\eclipse\plugins\org.eclipse.m2e.maven.runtime_3.9.500.20231113-2345\jars\wagon-file-3.5.3.jar
2024-02-14 08:46:26,366 [Worker-30: Launching mavenrun-6dc7b90d-14f6-41bb-91e4-2f2538e88f68] INFO  o.eclipse.m2e.core.internal.Bundles - 	Entry: C:\Users\vijay\Downloads\eclipse-jee-2023-12-R-win32-x86_64\eclipse\plugins\org.eclipse.m2e.maven.runtime_3.9.500.20231113-2345\jars\wagon-http-3.5.3.jar
2024-02-14 08:46:26,367 [Worker-30: Launching mavenrun-6dc7b90d-14f6-41bb-91e4-2f2538e88f68] INFO  o.eclipse.m2e.core.internal.Bundles - 	Entry: C:\Users\vijay\Downloads\eclipse-jee-2023-12-R-win32-x86_64\eclipse\plugins\org.eclipse.m2e.maven.runtime_3.9.500.20231113-2345\jars\wagon-http-shared-3.5.3.jar
2024-02-14 08:46:26,367 [Worker-30: Launching mavenrun-6dc7b90d-14f6-41bb-91e4-2f2538e88f68] INFO  o.eclipse.m2e.core.internal.Bundles - 	Entry: C:\Users\vijay\Downloads\eclipse-jee-2023-12-R-win32-x86_64\eclipse\plugins\org.eclipse.m2e.maven.runtime_3.9.500.20231113-2345\jars\wagon-provider-api-3.5.3.jar
2024-02-14 08:46:26,368 [Worker-30: Launching mavenrun-6dc7b90d-14f6-41bb-91e4-2f2538e88f68] INFO  o.eclipse.m2e.core.internal.Bundles - getClasspathEntries(Bundle=com.google.guava_32.1.3.jre [12])
2024-02-14 08:46:26,369 [Worker-30: Launching mavenrun-6dc7b90d-14f6-41bb-91e4-2f2538e88f68] INFO  o.eclipse.m2e.core.internal.Bundles - 	Entry: C:\Users\vijay\Downloads\eclipse-jee-2023-12-R-win32-x86_64\eclipse\plugins\com.google.guava_32.1.3.jre.jar
2024-02-14 08:46:26,369 [Worker-30: Launching mavenrun-6dc7b90d-14f6-41bb-91e4-2f2538e88f68] INFO  o.eclipse.m2e.core.internal.Bundles - getClasspathEntries(Bundle=slf4j.api_2.0.9 [989])
2024-02-14 08:46:26,370 [Worker-30: Launching mavenrun-6dc7b90d-14f6-41bb-91e4-2f2538e88f68] INFO  o.eclipse.m2e.core.internal.Bundles - 	Entry: C:\Users\vijay\Downloads\eclipse-jee-2023-12-R-win32-x86_64\eclipse\plugins\slf4j.api_2.0.9.jar
2024-02-14 08:46:26,370 [Worker-30: Launching mavenrun-6dc7b90d-14f6-41bb-91e4-2f2538e88f68] INFO  o.eclipse.m2e.core.internal.Bundles - getClasspathEntries(Bundle=jakarta.inject.jakarta.inject-api_1.0.5 [29])
2024-02-14 08:46:26,370 [Worker-30: Launching mavenrun-6dc7b90d-14f6-41bb-91e4-2f2538e88f68] INFO  o.eclipse.m2e.core.internal.Bundles - 	Entry: C:\Users\vijay\Downloads\eclipse-jee-2023-12-R-win32-x86_64\eclipse\plugins\jakarta.inject.jakarta.inject-api_1.0.5.jar
2024-02-14 08:46:26,370 [Worker-30: Launching mavenrun-6dc7b90d-14f6-41bb-91e4-2f2538e88f68] INFO  o.eclipse.m2e.core.internal.Bundles - getClasspathEntries(Bundle=jakarta.annotation-api_1.3.5 [24])
2024-02-14 08:46:26,371 [Worker-30: Launching mavenrun-6dc7b90d-14f6-41bb-91e4-2f2538e88f68] INFO  o.eclipse.m2e.core.internal.Bundles - 	Entry: C:\Users\vijay\Downloads\eclipse-jee-2023-12-R-win32-x86_64\eclipse\plugins\jakarta.annotation-api_1.3.5.jar
2024-02-14 08:46:26,371 [Worker-30: Launching mavenrun-6dc7b90d-14f6-41bb-91e4-2f2538e88f68] INFO  o.eclipse.m2e.core.internal.Bundles - getClasspathEntries(Bundle=org.apache.commons.cli_1.6.0 [71])
2024-02-14 08:46:26,371 [Worker-30: Launching mavenrun-6dc7b90d-14f6-41bb-91e4-2f2538e88f68] INFO  o.eclipse.m2e.core.internal.Bundles - 	Entry: C:\Users\vijay\Downloads\eclipse-jee-2023-12-R-win32-x86_64\eclipse\plugins\org.apache.commons.cli_1.6.0.jar
2024-02-14 08:46:26,372 [Worker-30: Launching mavenrun-6dc7b90d-14f6-41bb-91e4-2f2538e88f68] INFO  o.eclipse.m2e.core.internal.Bundles - getClasspathEntries(Bundle=org.apache.commons.commons-codec_1.16.0 [75])
2024-02-14 08:46:26,372 [Worker-30: Launching mavenrun-6dc7b90d-14f6-41bb-91e4-2f2538e88f68] INFO  o.eclipse.m2e.core.internal.Bundles - 	Entry: C:\Users\vijay\Downloads\eclipse-jee-2023-12-R-win32-x86_64\eclipse\plugins\org.apache.commons.commons-codec_1.16.0.jar
2024-02-14 08:46:26,372 [Worker-30: Launching mavenrun-6dc7b90d-14f6-41bb-91e4-2f2538e88f68] INFO  o.eclipse.m2e.core.internal.Bundles - getClasspathEntries(Bundle=org.apache.commons.lang3_3.13.0 [82])
2024-02-14 08:46:26,373 [Worker-30: Launching mavenrun-6dc7b90d-14f6-41bb-91e4-2f2538e88f68] INFO  o.eclipse.m2e.core.internal.Bundles - 	Entry: C:\Users\vijay\Downloads\eclipse-jee-2023-12-R-win32-x86_64\eclipse\plugins\org.apache.commons.lang3_3.13.0.jar
2024-02-14 08:46:26,373 [Worker-30: Launching mavenrun-6dc7b90d-14f6-41bb-91e4-2f2538e88f68] INFO  o.eclipse.m2e.core.internal.Bundles - getClasspathEntries(Bundle=com.google.guava.failureaccess_1.0.2 [13])
2024-02-14 08:46:26,373 [Worker-30: Launching mavenrun-6dc7b90d-14f6-41bb-91e4-2f2538e88f68] INFO  o.eclipse.m2e.core.internal.Bundles - 	Entry: C:\Users\vijay\Downloads\eclipse-jee-2023-12-R-win32-x86_64\eclipse\plugins\com.google.guava.failureaccess_1.0.2.jar
2024-02-14 08:46:26,379 [Worker-30: Launching mavenrun-6dc7b90d-14f6-41bb-91e4-2f2538e88f68] INFO  o.e.m.i.launch.MavenLaunchDelegate - Run build in "C:\Users\vijay\AppData\Local\Temp\m2e-archetypeGenerator5082167407270109600":
2024-02-14 08:46:26,380 [Worker-30: Launching mavenrun-6dc7b90d-14f6-41bb-91e4-2f2538e88f68] INFO  o.e.m.i.launch.MavenLaunchDelegate -  mvn  -DarchetypeGroupId=am.ik.archetype -DarchetypeArtifactId=elm-spring-boot-blank-archetype -DarchetypeVersion=0.0.3 -DgroupId=NewMaven -DartifactId=FirstProject -Dversion=0.0.1-SNAPSHOT -Dpackage=NewMaven.FirstProject -DoutputDirectory=C:\Users\vijay\eclipse-workspace -Dstyle.color=always -U archetype:generate
2024-02-14 08:49:18,957 [Stop Help Server] INFO  org.eclipse.jetty.server.Server - Stopped oejs.Server@3af7ea33{STOPPING}[12.0.3,sto=0]
2024-02-14 08:49:18,963 [Stop Help Server] INFO  o.e.jetty.server.AbstractConnector - Stopped ServerConnector@3022c683{HTTP/1.1, (http/1.1)}{127.0.0.1:0}
2024-02-14 08:49:44,109 [Worker-7: Loading available Gradle versions] INFO  o.e.b.c.i.u.g.PublishedGradleVersions - Gradle version information cache is up-to-date. Trying to read.
2024-02-14 08:52:04,232 [ModalContext] INFO  o.e.m.c.i.e.AbstractTransferListenerAdapter - Downloading https://repo.maven.apache.org/maven2/am/ik/archetype/spring-boot-blank-archetype/1.0.6/spring-boot-blank-archetype-1.0.6.pom
2024-02-14 08:52:04,246 [ModalContext] INFO  o.e.m.c.i.e.AbstractTransferListenerAdapter - Downloaded https://repo.maven.apache.org/maven2/am/ik/archetype/spring-boot-blank-archetype/1.0.6/spring-boot-blank-archetype-1.0.6.pom
2024-02-14 08:52:04,585 [ModalContext] INFO  o.e.m.c.i.e.AbstractTransferListenerAdapter - Downloading https://repo.maven.apache.org/maven2/am/ik/archetype/spring-boot-blank-archetype/1.0.6/spring-boot-blank-archetype-1.0.6.jar
2024-02-14 08:52:04,591 [ModalContext] INFO  o.e.m.c.i.e.AbstractTransferListenerAdapter - Downloaded https://repo.maven.apache.org/maven2/am/ik/archetype/spring-boot-blank-archetype/1.0.6/spring-boot-blank-archetype-1.0.6.jar
2024-02-14 08:55:34,591 [ModalContext] INFO  o.e.m.c.i.e.AbstractTransferListenerAdapter - Downloading https://repo.maven.apache.org/maven2/org/apache/maven/archetypes/maven-archetype-quickstart/1.4/maven-archetype-quickstart-1.4.pom
2024-02-14 08:55:34,596 [ModalContext] INFO  o.e.m.c.i.e.AbstractTransferListenerAdapter - Downloaded https://repo.maven.apache.org/maven2/org/apache/maven/archetypes/maven-archetype-quickstart/1.4/maven-archetype-quickstart-1.4.pom
2024-02-14 08:55:34,676 [ModalContext] INFO  o.e.m.c.i.e.AbstractTransferListenerAdapter - Downloading https://repo.maven.apache.org/maven2/org/apache/maven/archetypes/maven-archetype-bundles/1.4/maven-archetype-bundles-1.4.pom
2024-02-14 08:55:34,681 [ModalContext] INFO  o.e.m.c.i.e.AbstractTransferListenerAdapter - Downloaded https://repo.maven.apache.org/maven2/org/apache/maven/archetypes/maven-archetype-bundles/1.4/maven-archetype-bundles-1.4.pom
2024-02-14 08:55:34,709 [ModalContext] INFO  o.e.m.c.i.e.AbstractTransferListenerAdapter - Downloading https://repo.maven.apache.org/maven2/org/apache/maven/archetypes/maven-archetype-quickstart/1.4/maven-archetype-quickstart-1.4.jar
2024-02-14 08:55:34,714 [ModalContext] INFO  o.e.m.c.i.e.AbstractTransferListenerAdapter - Downloaded https://repo.maven.apache.org/maven2/org/apache/maven/archetypes/maven-archetype-quickstart/1.4/maven-archetype-quickstart-1.4.jar
2024-02-14 08:56:59,637 [Worker-13: Launching mavenrun-cb7b1883-43f6-47f1-84b6-04a3fae4c0e5] INFO  o.eclipse.m2e.core.internal.Bundles - getClasspathEntries(Bundle=org.eclipse.m2e.maven.runtime_3.9.500.20231113-2345 [629])
2024-02-14 08:56:59,651 [Worker-13: Launching mavenrun-cb7b1883-43f6-47f1-84b6-04a3fae4c0e5] INFO  o.eclipse.m2e.core.internal.Bundles - 	Entry: C:\Users\vijay\Downloads\eclipse-jee-2023-12-R-win32-x86_64\eclipse\plugins\org.eclipse.m2e.maven.runtime_3.9.500.20231113-2345
2024-02-14 08:56:59,655 [Worker-13: Launching mavenrun-cb7b1883-43f6-47f1-84b6-04a3fae4c0e5] INFO  o.eclipse.m2e.core.internal.Bundles - 	Entry: C:\Users\vijay\Downloads\eclipse-jee-2023-12-R-win32-x86_64\eclipse\plugins\org.eclipse.m2e.maven.runtime_3.9.500.20231113-2345\jars\aopalliance-1.0.jar
2024-02-14 08:56:59,662 [Worker-13: Launching mavenrun-cb7b1883-43f6-47f1-84b6-04a3fae4c0e5] INFO  o.eclipse.m2e.core.internal.Bundles - 	Entry: C:\Users\vijay\Downloads\eclipse-jee-2023-12-R-win32-x86_64\eclipse\plugins\org.eclipse.m2e.maven.runtime_3.9.500.20231113-2345\jars\guice-5.1.0.jar
2024-02-14 08:56:59,672 [Worker-13: Launching mavenrun-cb7b1883-43f6-47f1-84b6-04a3fae4c0e5] INFO  o.eclipse.m2e.core.internal.Bundles - 	Entry: C:\Users\vijay\Downloads\eclipse-jee-2023-12-R-win32-x86_64\eclipse\plugins\org.eclipse.m2e.maven.runtime_3.9.500.20231113-2345\jars\httpclient-4.5.14.jar
2024-02-14 08:56:59,681 [Worker-13: Launching mavenrun-cb7b1883-43f6-47f1-84b6-04a3fae4c0e5] INFO  o.eclipse.m2e.core.internal.Bundles - 	Entry: C:\Users\vijay\Downloads\eclipse-jee-2023-12-R-win32-x86_64\eclipse\plugins\org.eclipse.m2e.maven.runtime_3.9.500.20231113-2345\jars\httpcore-4.4.16.jar
2024-02-14 08:56:59,685 [Worker-13: Launching mavenrun-cb7b1883-43f6-47f1-84b6-04a3fae4c0e5] INFO  o.eclipse.m2e.core.internal.Bundles - 	Entry: C:\Users\vijay\Downloads\eclipse-jee-2023-12-R-win32-x86_64\eclipse\plugins\org.eclipse.m2e.maven.runtime_3.9.500.20231113-2345\jars\jansi-2.4.0.jar
2024-02-14 08:56:59,690 [Worker-13: Launching mavenrun-cb7b1883-43f6-47f1-84b6-04a3fae4c0e5] INFO  o.eclipse.m2e.core.internal.Bundles - 	Entry: C:\Users\vijay\Downloads\eclipse-jee-2023-12-R-win32-x86_64\eclipse\plugins\org.eclipse.m2e.maven.runtime_3.9.500.20231113-2345\jars\jcl-over-slf4j-1.7.36.jar
2024-02-14 08:56:59,694 [Worker-13: Launching mavenrun-cb7b1883-43f6-47f1-84b6-04a3fae4c0e5] INFO  o.eclipse.m2e.core.internal.Bundles - 	Entry: C:\Users\vijay\Downloads\eclipse-jee-2023-12-R-win32-x86_64\eclipse\plugins\org.eclipse.m2e.maven.runtime_3.9.500.20231113-2345\jars\maven-artifact-3.9.5.jar
2024-02-14 08:56:59,697 [Worker-13: Launching mavenrun-cb7b1883-43f6-47f1-84b6-04a3fae4c0e5] INFO  o.eclipse.m2e.core.internal.Bundles - 	Entry: C:\Users\vijay\Downloads\eclipse-jee-2023-12-R-win32-x86_64\eclipse\plugins\org.eclipse.m2e.maven.runtime_3.9.500.20231113-2345\jars\maven-builder-support-3.9.5.jar
2024-02-14 08:56:59,698 [Worker-13: Launching mavenrun-cb7b1883-43f6-47f1-84b6-04a3fae4c0e5] INFO  o.eclipse.m2e.core.internal.Bundles - 	Entry: C:\Users\vijay\Downloads\eclipse-jee-2023-12-R-win32-x86_64\eclipse\plugins\org.eclipse.m2e.maven.runtime_3.9.500.20231113-2345\jars\maven-compat-3.9.5.jar
2024-02-14 08:56:59,699 [Worker-13: Launching mavenrun-cb7b1883-43f6-47f1-84b6-04a3fae4c0e5] INFO  o.eclipse.m2e.core.internal.Bundles - 	Entry: C:\Users\vijay\Downloads\eclipse-jee-2023-12-R-win32-x86_64\eclipse\plugins\org.eclipse.m2e.maven.runtime_3.9.500.20231113-2345\jars\maven-core-3.9.5.jar
2024-02-14 08:56:59,701 [Worker-13: Launching mavenrun-cb7b1883-43f6-47f1-84b6-04a3fae4c0e5] INFO  o.eclipse.m2e.core.internal.Bundles - 	Entry: C:\Users\vijay\Downloads\eclipse-jee-2023-12-R-win32-x86_64\eclipse\plugins\org.eclipse.m2e.maven.runtime_3.9.500.20231113-2345\jars\maven-embedder-3.9.5.jar
2024-02-14 08:56:59,702 [Worker-13: Launching mavenrun-cb7b1883-43f6-47f1-84b6-04a3fae4c0e5] INFO  o.eclipse.m2e.core.internal.Bundles - 	Entry: C:\Users\vijay\Downloads\eclipse-jee-2023-12-R-win32-x86_64\eclipse\plugins\org.eclipse.m2e.maven.runtime_3.9.500.20231113-2345\jars\maven-model-3.9.5.jar
2024-02-14 08:56:59,705 [Worker-13: Launching mavenrun-cb7b1883-43f6-47f1-84b6-04a3fae4c0e5] INFO  o.eclipse.m2e.core.internal.Bundles - 	Entry: C:\Users\vijay\Downloads\eclipse-jee-2023-12-R-win32-x86_64\eclipse\plugins\org.eclipse.m2e.maven.runtime_3.9.500.20231113-2345\jars\maven-model-builder-3.9.5.jar
2024-02-14 08:56:59,712 [Worker-13: Launching mavenrun-cb7b1883-43f6-47f1-84b6-04a3fae4c0e5] INFO  o.eclipse.m2e.core.internal.Bundles - 	Entry: C:\Users\vijay\Downloads\eclipse-jee-2023-12-R-win32-x86_64\eclipse\plugins\org.eclipse.m2e.maven.runtime_3.9.500.20231113-2345\jars\maven-plugin-api-3.9.5.jar
2024-02-14 08:56:59,717 [Worker-13: Launching mavenrun-cb7b1883-43f6-47f1-84b6-04a3fae4c0e5] INFO  o.eclipse.m2e.core.internal.Bundles - 	Entry: C:\Users\vijay\Downloads\eclipse-jee-2023-12-R-win32-x86_64\eclipse\plugins\org.eclipse.m2e.maven.runtime_3.9.500.20231113-2345\jars\maven-repository-metadata-3.9.5.jar
2024-02-14 08:56:59,726 [Worker-13: Launching mavenrun-cb7b1883-43f6-47f1-84b6-04a3fae4c0e5] INFO  o.eclipse.m2e.core.internal.Bundles - 	Entry: C:\Users\vijay\Downloads\eclipse-jee-2023-12-R-win32-x86_64\eclipse\plugins\org.eclipse.m2e.maven.runtime_3.9.500.20231113-2345\jars\maven-resolver-api-1.9.16.jar
2024-02-14 08:56:59,734 [Worker-13: Launching mavenrun-cb7b1883-43f6-47f1-84b6-04a3fae4c0e5] INFO  o.eclipse.m2e.core.internal.Bundles - 	Entry: C:\Users\vijay\Downloads\eclipse-jee-2023-12-R-win32-x86_64\eclipse\plugins\org.eclipse.m2e.maven.runtime_3.9.500.20231113-2345\jars\maven-resolver-connector-basic-1.9.16.jar
2024-02-14 08:56:59,740 [Worker-13: Launching mavenrun-cb7b1883-43f6-47f1-84b6-04a3fae4c0e5] INFO  o.eclipse.m2e.core.internal.Bundles - 	Entry: C:\Users\vijay\Downloads\eclipse-jee-2023-12-R-win32-x86_64\eclipse\plugins\org.eclipse.m2e.maven.runtime_3.9.500.20231113-2345\jars\maven-resolver-impl-1.9.16.jar
2024-02-14 08:56:59,746 [Worker-13: Launching mavenrun-cb7b1883-43f6-47f1-84b6-04a3fae4c0e5] INFO  o.eclipse.m2e.core.internal.Bundles - 	Entry: C:\Users\vijay\Downloads\eclipse-jee-2023-12-R-win32-x86_64\eclipse\plugins\org.eclipse.m2e.maven.runtime_3.9.500.20231113-2345\jars\maven-resolver-named-locks-1.9.16.jar
2024-02-14 08:56:59,748 [Worker-13: Launching mavenrun-cb7b1883-43f6-47f1-84b6-04a3fae4c0e5] INFO  o.eclipse.m2e.core.internal.Bundles - 	Entry: C:\Users\vijay\Downloads\eclipse-jee-2023-12-R-win32-x86_64\eclipse\plugins\org.eclipse.m2e.maven.runtime_3.9.500.20231113-2345\jars\maven-resolver-provider-3.9.5.jar
2024-02-14 08:56:59,751 [Worker-13: Launching mavenrun-cb7b1883-43f6-47f1-84b6-04a3fae4c0e5] INFO  o.eclipse.m2e.core.internal.Bundles - 	Entry: C:\Users\vijay\Downloads\eclipse-jee-2023-12-R-win32-x86_64\eclipse\plugins\org.eclipse.m2e.maven.runtime_3.9.500.20231113-2345\jars\maven-resolver-spi-1.9.16.jar
2024-02-14 08:56:59,756 [Worker-13: Launching mavenrun-cb7b1883-43f6-47f1-84b6-04a3fae4c0e5] INFO  o.eclipse.m2e.core.internal.Bundles - 	Entry: C:\Users\vijay\Downloads\eclipse-jee-2023-12-R-win32-x86_64\eclipse\plugins\org.eclipse.m2e.maven.runtime_3.9.500.20231113-2345\jars\maven-resolver-transport-file-1.9.16.jar
2024-02-14 08:56:59,758 [Worker-13: Launching mavenrun-cb7b1883-43f6-47f1-84b6-04a3fae4c0e5] INFO  o.eclipse.m2e.core.internal.Bundles - 	Entry: C:\Users\vijay\Downloads\eclipse-jee-2023-12-R-win32-x86_64\eclipse\plugins\org.eclipse.m2e.maven.runtime_3.9.500.20231113-2345\jars\maven-resolver-transport-http-1.9.16.jar
2024-02-14 08:56:59,761 [Worker-13: Launching mavenrun-cb7b1883-43f6-47f1-84b6-04a3fae4c0e5] INFO  o.eclipse.m2e.core.internal.Bundles - 	Entry: C:\Users\vijay\Downloads\eclipse-jee-2023-12-R-win32-x86_64\eclipse\plugins\org.eclipse.m2e.maven.runtime_3.9.500.20231113-2345\jars\maven-resolver-transport-wagon-1.9.16.jar
2024-02-14 08:56:59,762 [Worker-13: Launching mavenrun-cb7b1883-43f6-47f1-84b6-04a3fae4c0e5] INFO  o.eclipse.m2e.core.internal.Bundles - 	Entry: C:\Users\vijay\Downloads\eclipse-jee-2023-12-R-win32-x86_64\eclipse\plugins\org.eclipse.m2e.maven.runtime_3.9.500.20231113-2345\jars\maven-resolver-util-1.9.16.jar
2024-02-14 08:56:59,764 [Worker-13: Launching mavenrun-cb7b1883-43f6-47f1-84b6-04a3fae4c0e5] INFO  o.eclipse.m2e.core.internal.Bundles - 	Entry: C:\Users\vijay\Downloads\eclipse-jee-2023-12-R-win32-x86_64\eclipse\plugins\org.eclipse.m2e.maven.runtime_3.9.500.20231113-2345\jars\maven-settings-3.9.5.jar
2024-02-14 08:56:59,771 [Worker-13: Launching mavenrun-cb7b1883-43f6-47f1-84b6-04a3fae4c0e5] INFO  o.eclipse.m2e.core.internal.Bundles - 	Entry: C:\Users\vijay\Downloads\eclipse-jee-2023-12-R-win32-x86_64\eclipse\plugins\org.eclipse.m2e.maven.runtime_3.9.500.20231113-2345\jars\maven-settings-builder-3.9.5.jar
2024-02-14 08:56:59,773 [Worker-13: Launching mavenrun-cb7b1883-43f6-47f1-84b6-04a3fae4c0e5] INFO  o.eclipse.m2e.core.internal.Bundles - 	Entry: C:\Users\vijay\Downloads\eclipse-jee-2023-12-R-win32-x86_64\eclipse\plugins\org.eclipse.m2e.maven.runtime_3.9.500.20231113-2345\jars\maven-shared-utils-3.3.4.jar
2024-02-14 08:56:59,777 [Worker-13: Launching mavenrun-cb7b1883-43f6-47f1-84b6-04a3fae4c0e5] INFO  o.eclipse.m2e.core.internal.Bundles - 	Entry: C:\Users\vijay\Downloads\eclipse-jee-2023-12-R-win32-x86_64\eclipse\plugins\org.eclipse.m2e.maven.runtime_3.9.500.20231113-2345\jars\org.eclipse.sisu.inject-0.3.5.jar
2024-02-14 08:56:59,782 [Worker-13: Launching mavenrun-cb7b1883-43f6-47f1-84b6-04a3fae4c0e5] INFO  o.eclipse.m2e.core.internal.Bundles - 	Entry: C:\Users\vijay\Downloads\eclipse-jee-2023-12-R-win32-x86_64\eclipse\plugins\org.eclipse.m2e.maven.runtime_3.9.500.20231113-2345\jars\org.eclipse.sisu.plexus-0.3.5.jar
2024-02-14 08:56:59,788 [Worker-13: Launching mavenrun-cb7b1883-43f6-47f1-84b6-04a3fae4c0e5] INFO  o.eclipse.m2e.core.internal.Bundles - 	Entry: C:\Users\vijay\Downloads\eclipse-jee-2023-12-R-win32-x86_64\eclipse\plugins\org.eclipse.m2e.maven.runtime_3.9.500.20231113-2345\jars\plexus-build-api-0.0.7.jar
2024-02-14 08:56:59,793 [Worker-13: Launching mavenrun-cb7b1883-43f6-47f1-84b6-04a3fae4c0e5] INFO  o.eclipse.m2e.core.internal.Bundles - 	Entry: C:\Users\vijay\Downloads\eclipse-jee-2023-12-R-win32-x86_64\eclipse\plugins\org.eclipse.m2e.maven.runtime_3.9.500.20231113-2345\jars\plexus-cipher-2.0.jar
2024-02-14 08:56:59,797 [Worker-13: Launching mavenrun-cb7b1883-43f6-47f1-84b6-04a3fae4c0e5] INFO  o.eclipse.m2e.core.internal.Bundles - 	Entry: C:\Users\vijay\Downloads\eclipse-jee-2023-12-R-win32-x86_64\eclipse\plugins\org.eclipse.m2e.maven.runtime_3.9.500.20231113-2345\jars\plexus-classworlds-2.7.0.jar
2024-02-14 08:56:59,802 [Worker-13: Launching mavenrun-cb7b1883-43f6-47f1-84b6-04a3fae4c0e5] INFO  o.eclipse.m2e.core.internal.Bundles - 	Entry: C:\Users\vijay\Downloads\eclipse-jee-2023-12-R-win32-x86_64\eclipse\plugins\org.eclipse.m2e.maven.runtime_3.9.500.20231113-2345\jars\plexus-component-annotations-2.1.0.jar
2024-02-14 08:56:59,804 [Worker-13: Launching mavenrun-cb7b1883-43f6-47f1-84b6-04a3fae4c0e5] INFO  o.eclipse.m2e.core.internal.Bundles - 	Entry: C:\Users\vijay\Downloads\eclipse-jee-2023-12-R-win32-x86_64\eclipse\plugins\org.eclipse.m2e.maven.runtime_3.9.500.20231113-2345\jars\plexus-interpolation-1.26.jar
2024-02-14 08:56:59,805 [Worker-13: Launching mavenrun-cb7b1883-43f6-47f1-84b6-04a3fae4c0e5] INFO  o.eclipse.m2e.core.internal.Bundles - 	Entry: C:\Users\vijay\Downloads\eclipse-jee-2023-12-R-win32-x86_64\eclipse\plugins\org.eclipse.m2e.maven.runtime_3.9.500.20231113-2345\jars\plexus-sec-dispatcher-2.0.jar
2024-02-14 08:56:59,807 [Worker-13: Launching mavenrun-cb7b1883-43f6-47f1-84b6-04a3fae4c0e5] INFO  o.eclipse.m2e.core.internal.Bundles - 	Entry: C:\Users\vijay\Downloads\eclipse-jee-2023-12-R-win32-x86_64\eclipse\plugins\org.eclipse.m2e.maven.runtime_3.9.500.20231113-2345\jars\plexus-utils-3.5.1.jar
2024-02-14 08:56:59,808 [Worker-13: Launching mavenrun-cb7b1883-43f6-47f1-84b6-04a3fae4c0e5] INFO  o.eclipse.m2e.core.internal.Bundles - 	Entry: C:\Users\vijay\Downloads\eclipse-jee-2023-12-R-win32-x86_64\eclipse\plugins\org.eclipse.m2e.maven.runtime_3.9.500.20231113-2345\jars\wagon-file-3.5.3.jar
2024-02-14 08:56:59,809 [Worker-13: Launching mavenrun-cb7b1883-43f6-47f1-84b6-04a3fae4c0e5] INFO  o.eclipse.m2e.core.internal.Bundles - 	Entry: C:\Users\vijay\Downloads\eclipse-jee-2023-12-R-win32-x86_64\eclipse\plugins\org.eclipse.m2e.maven.runtime_3.9.500.20231113-2345\jars\wagon-http-3.5.3.jar
2024-02-14 08:56:59,811 [Worker-13: Launching mavenrun-cb7b1883-43f6-47f1-84b6-04a3fae4c0e5] INFO  o.eclipse.m2e.core.internal.Bundles - 	Entry: C:\Users\vijay\Downloads\eclipse-jee-2023-12-R-win32-x86_64\eclipse\plugins\org.eclipse.m2e.maven.runtime_3.9.500.20231113-2345\jars\wagon-http-shared-3.5.3.jar
2024-02-14 08:56:59,811 [Worker-13: Launching mavenrun-cb7b1883-43f6-47f1-84b6-04a3fae4c0e5] INFO  o.eclipse.m2e.core.internal.Bundles - 	Entry: C:\Users\vijay\Downloads\eclipse-jee-2023-12-R-win32-x86_64\eclipse\plugins\org.eclipse.m2e.maven.runtime_3.9.500.20231113-2345\jars\wagon-provider-api-3.5.3.jar
2024-02-14 08:56:59,851 [Worker-13: Launching mavenrun-cb7b1883-43f6-47f1-84b6-04a3fae4c0e5] INFO  o.eclipse.m2e.core.internal.Bundles - getClasspathEntries(Bundle=com.google.guava_32.1.3.jre [12])
2024-02-14 08:56:59,860 [Worker-13: Launching mavenrun-cb7b1883-43f6-47f1-84b6-04a3fae4c0e5] INFO  o.eclipse.m2e.core.internal.Bundles - 	Entry: C:\Users\vijay\Downloads\eclipse-jee-2023-12-R-win32-x86_64\eclipse\plugins\com.google.guava_32.1.3.jre.jar
2024-02-14 08:56:59,862 [Worker-13: Launching mavenrun-cb7b1883-43f6-47f1-84b6-04a3fae4c0e5] INFO  o.eclipse.m2e.core.internal.Bundles - getClasspathEntries(Bundle=slf4j.api_2.0.9 [989])
2024-02-14 08:56:59,868 [Worker-13: Launching mavenrun-cb7b1883-43f6-47f1-84b6-04a3fae4c0e5] INFO  o.eclipse.m2e.core.internal.Bundles - 	Entry: C:\Users\vijay\Downloads\eclipse-jee-2023-12-R-win32-x86_64\eclipse\plugins\slf4j.api_2.0.9.jar
2024-02-14 08:56:59,869 [Worker-13: Launching mavenrun-cb7b1883-43f6-47f1-84b6-04a3fae4c0e5] INFO  o.eclipse.m2e.core.internal.Bundles - getClasspathEntries(Bundle=jakarta.inject.jakarta.inject-api_1.0.5 [29])
2024-02-14 08:56:59,872 [Worker-13: Launching mavenrun-cb7b1883-43f6-47f1-84b6-04a3fae4c0e5] INFO  o.eclipse.m2e.core.internal.Bundles - 	Entry: C:\Users\vijay\Downloads\eclipse-jee-2023-12-R-win32-x86_64\eclipse\plugins\jakarta.inject.jakarta.inject-api_1.0.5.jar
2024-02-14 08:56:59,876 [Worker-13: Launching mavenrun-cb7b1883-43f6-47f1-84b6-04a3fae4c0e5] INFO  o.eclipse.m2e.core.internal.Bundles - getClasspathEntries(Bundle=jakarta.annotation-api_1.3.5 [24])
2024-02-14 08:56:59,884 [Worker-13: Launching mavenrun-cb7b1883-43f6-47f1-84b6-04a3fae4c0e5] INFO  o.eclipse.m2e.core.internal.Bundles - 	Entry: C:\Users\vijay\Downloads\eclipse-jee-2023-12-R-win32-x86_64\eclipse\plugins\jakarta.annotation-api_1.3.5.jar
2024-02-14 08:56:59,886 [Worker-13: Launching mavenrun-cb7b1883-43f6-47f1-84b6-04a3fae4c0e5] INFO  o.eclipse.m2e.core.internal.Bundles - getClasspathEntries(Bundle=org.apache.commons.cli_1.6.0 [71])
2024-02-14 08:56:59,900 [Worker-13: Launching mavenrun-cb7b1883-43f6-47f1-84b6-04a3fae4c0e5] INFO  o.eclipse.m2e.core.internal.Bundles - 	Entry: C:\Users\vijay\Downloads\eclipse-jee-2023-12-R-win32-x86_64\eclipse\plugins\org.apache.commons.cli_1.6.0.jar
2024-02-14 08:56:59,904 [Worker-13: Launching mavenrun-cb7b1883-43f6-47f1-84b6-04a3fae4c0e5] INFO  o.eclipse.m2e.core.internal.Bundles - getClasspathEntries(Bundle=org.apache.commons.commons-codec_1.16.0 [75])
2024-02-14 08:56:59,923 [Worker-13: Launching mavenrun-cb7b1883-43f6-47f1-84b6-04a3fae4c0e5] INFO  o.eclipse.m2e.core.internal.Bundles - 	Entry: C:\Users\vijay\Downloads\eclipse-jee-2023-12-R-win32-x86_64\eclipse\plugins\org.apache.commons.commons-codec_1.16.0.jar
2024-02-14 08:56:59,926 [Worker-13: Launching mavenrun-cb7b1883-43f6-47f1-84b6-04a3fae4c0e5] INFO  o.eclipse.m2e.core.internal.Bundles - getClasspathEntries(Bundle=org.apache.commons.lang3_3.13.0 [82])
2024-02-14 08:56:59,936 [Worker-13: Launching mavenrun-cb7b1883-43f6-47f1-84b6-04a3fae4c0e5] INFO  o.eclipse.m2e.core.internal.Bundles - 	Entry: C:\Users\vijay\Downloads\eclipse-jee-2023-12-R-win32-x86_64\eclipse\plugins\org.apache.commons.lang3_3.13.0.jar
2024-02-14 08:56:59,937 [Worker-13: Launching mavenrun-cb7b1883-43f6-47f1-84b6-04a3fae4c0e5] INFO  o.eclipse.m2e.core.internal.Bundles - getClasspathEntries(Bundle=com.google.guava.failureaccess_1.0.2 [13])
2024-02-14 08:56:59,938 [Worker-13: Launching mavenrun-cb7b1883-43f6-47f1-84b6-04a3fae4c0e5] INFO  o.eclipse.m2e.core.internal.Bundles - 	Entry: C:\Users\vijay\Downloads\eclipse-jee-2023-12-R-win32-x86_64\eclipse\plugins\com.google.guava.failureaccess_1.0.2.jar
2024-02-14 08:56:59,959 [Worker-13: Launching mavenrun-cb7b1883-43f6-47f1-84b6-04a3fae4c0e5] INFO  o.e.m.i.launch.MavenLaunchDelegate - Run build in "C:\Users\vijay\AppData\Local\Temp\m2e-archetypeGenerator3083584874123755179":
2024-02-14 08:57:00,007 [Worker-13: Launching mavenrun-cb7b1883-43f6-47f1-84b6-04a3fae4c0e5] INFO  o.e.m.i.launch.MavenLaunchDelegate -  mvn  -DarchetypeGroupId=org.apache.maven.archetypes -DarchetypeArtifactId=maven-archetype-quickstart -DarchetypeVersion=1.4 -DgroupId=com.28minutes -DartifactId=NewMavenProject -Dversion=0.0.1-SNAPSHOT -Dpackage=com.minutes.NewMavenProject -DoutputDirectory=C:\Users\vijay\Downloads\learn-sprint-framework -Dstyle.color=always -U archetype:generate
